<?xml version="1.0" encoding="UTF-8"?>
<testsuite xmlns:xsi="http://www.w3.org/2001/XMLSchema-instance" xsi:noNamespaceSchemaLocation="https://maven.apache.org/surefire/maven-surefire-plugin/xsd/surefire-test-report.xsd" name="BranchTests" time="0.028" tests="10" errors="0" skipped="0" failures="0">
  <properties>
[...]
</properties>
  <testcase name="testOrderedPrimesInRange_IncludingLowerBoundary" classname="BranchTests" time="0.014"/>
  <testcase name="testOrderedPrimesInRange_ValidRange" classname="BranchTests" time="0"/>
  <testcase name="testOrderedPrimesInRange_InvalidRange_StartLessThan1" classname="BranchTests" time="0.004"/>
  <testcase name="testOrderedPrimesInRange_IncludingUpperBoundary" classname="BranchTests" time="0"/>
  <testcase name="testOrderedPrimesInRange_InvalidRange_EndGreaterThan10000" classname="BranchTests" time="0"/>
  <testcase name="testOrderedPrimesInRange_LargeRange" classname="BranchTests" time="0.002"/>
  <testcase name="testOrderedPrimesInRange_InvalidRange_StartGreaterThanEnd" classname="BranchTests" time="0"/>
  <testcase name="testOrderedPrimesInRange_InvalidSingleYearRange" classname="BranchTests" time="0.001"/>
  <testcase name="testOrderedPrimesInRange_NoPrimes" classname="BranchTests" time="0.001"/>
  <testcase name="testIsPrime" classname="BranchTests" time="0.001"/>
</testsuite>